2023-04-02 21:19:44.136109 - Initialized conversion of CBT069
2023-04-02 21:19:45.525736 - Received CBT.V504.FILE069.PDS from FILE069.XMI 
2023-04-02 21:19:45.528820 - Found $$$#DATE.txt (text/plain) in CBT.V504.FILE069.PDS, moved to PDS/$$$#DATE
2023-04-02 21:19:45.530015 - Found @FILE069.txt (text/plain) in CBT.V504.FILE069.PDS, moved to PDS/@FILE069
2023-04-02 21:19:45.531214 - Found ADD.txt (text/plain) in CBT.V504.FILE069.PDS, moved to PDS/ADD
2023-04-02 21:19:45.532477 - Found BLDTBL.txt (text/plain) in CBT.V504.FILE069.PDS, moved to PDS/BLDTBL
2023-04-02 21:19:45.533519 - Found CEAA0301.txt (text/plain) in CBT.V504.FILE069.PDS, moved to PDS/CEAA0301
2023-04-02 21:19:45.534478 - Found CEAA0302.txt (text/plain) in CBT.V504.FILE069.PDS, moved to PDS/CEAA0302
2023-04-02 21:19:45.535441 - Found CEBB0301.txt (text/plain) in CBT.V504.FILE069.PDS, moved to PDS/CEBB0301
2023-04-02 21:19:45.536642 - Found CEBB0302.txt (text/plain) in CBT.V504.FILE069.PDS, moved to PDS/CEBB0302
2023-04-02 21:19:45.537889 - Found CEBB0303.txt (text/plain) in CBT.V504.FILE069.PDS, moved to PDS/CEBB0303
2023-04-02 21:19:45.539134 - Found CEBB0304.txt (text/plain) in CBT.V504.FILE069.PDS, moved to PDS/CEBB0304
2023-04-02 21:19:45.540224 - Found CEBB0305.txt (text/plain) in CBT.V504.FILE069.PDS, moved to PDS/CEBB0305
2023-04-02 21:19:45.541350 - Found CEBB0401.txt (text/plain) in CBT.V504.FILE069.PDS, moved to PDS/CEBB0401
2023-04-02 21:19:45.542288 - Found CEBB0402.txt (text/plain) in CBT.V504.FILE069.PDS, moved to PDS/CEBB0402
2023-04-02 21:19:45.543374 - Found CEBB0601.txt (text/plain) in CBT.V504.FILE069.PDS, moved to PDS/CEBB0601
2023-04-02 21:19:45.544454 - Found CEBB0602.txt (text/plain) in CBT.V504.FILE069.PDS, moved to PDS/CEBB0602
2023-04-02 21:19:45.545563 - Found CEBB0603.txt (text/plain) in CBT.V504.FILE069.PDS, moved to PDS/CEBB0603
2023-04-02 21:19:45.546629 - Found CEBB0604.txt (text/plain) in CBT.V504.FILE069.PDS, moved to PDS/CEBB0604
2023-04-02 21:19:45.547799 - Found CEBB0605.txt (text/plain) in CBT.V504.FILE069.PDS, moved to PDS/CEBB0605
2023-04-02 21:19:45.548889 - Found CEBB0606.txt (text/plain) in CBT.V504.FILE069.PDS, moved to PDS/CEBB0606
2023-04-02 21:19:45.549953 - Found CEBB0607.txt (text/plain) in CBT.V504.FILE069.PDS, moved to PDS/CEBB0607
2023-04-02 21:19:45.551019 - Found CEBB0608.txt (text/plain) in CBT.V504.FILE069.PDS, moved to PDS/CEBB0608
2023-04-02 21:19:45.552078 - Found CEBB0609.txt (text/plain) in CBT.V504.FILE069.PDS, moved to PDS/CEBB0609
2023-04-02 21:19:45.553188 - Found CEBB0801.txt (text/plain) in CBT.V504.FILE069.PDS, moved to PDS/CEBB0801
2023-04-02 21:19:45.554264 - Found CEBB0802.txt (text/plain) in CBT.V504.FILE069.PDS, moved to PDS/CEBB0802
2023-04-02 21:19:45.555385 - Found CEBB0803.txt (text/plain) in CBT.V504.FILE069.PDS, moved to PDS/CEBB0803
2023-04-02 21:19:45.556396 - Found CE020301.txt (text/plain) in CBT.V504.FILE069.PDS, moved to PDS/CE020301
2023-04-02 21:19:45.557424 - Found CE020302.txt (text/plain) in CBT.V504.FILE069.PDS, moved to PDS/CE020302
2023-04-02 21:19:45.558480 - Found CE020303.txt (text/plain) in CBT.V504.FILE069.PDS, moved to PDS/CE020303
2023-04-02 21:19:45.559561 - Found CE020401.txt (text/plain) in CBT.V504.FILE069.PDS, moved to PDS/CE020401
2023-04-02 21:19:45.560599 - Found CE020501.txt (text/plain) in CBT.V504.FILE069.PDS, moved to PDS/CE020501
2023-04-02 21:19:45.561563 - Found CE020601.txt (text/plain) in CBT.V504.FILE069.PDS, moved to PDS/CE020601
2023-04-02 21:19:45.562837 - Found CE020602.txt (text/plain) in CBT.V504.FILE069.PDS, moved to PDS/CE020602
2023-04-02 21:19:45.563912 - Found CE030301.txt (text/plain) in CBT.V504.FILE069.PDS, moved to PDS/CE030301
2023-04-02 21:19:45.564890 - Found CE030302.txt (text/plain) in CBT.V504.FILE069.PDS, moved to PDS/CE030302
2023-04-02 21:19:45.566247 - Found CE030303.txt (text/plain) in CBT.V504.FILE069.PDS, moved to PDS/CE030303
2023-04-02 21:19:45.567161 - Found CE030304.txt (text/plain) in CBT.V504.FILE069.PDS, moved to PDS/CE030304
2023-04-02 21:19:45.568295 - Found CE030501.txt (text/plain) in CBT.V504.FILE069.PDS, moved to PDS/CE030501
2023-04-02 21:19:45.569297 - Found CE030502.txt (text/plain) in CBT.V504.FILE069.PDS, moved to PDS/CE030502
2023-04-02 21:19:45.570524 - Found CE030503.txt (text/plain) in CBT.V504.FILE069.PDS, moved to PDS/CE030503
2023-04-02 21:19:45.571836 - Found CE030601.txt (text/plain) in CBT.V504.FILE069.PDS, moved to PDS/CE030601
2023-04-02 21:19:45.573154 - Found CE030602.txt (text/plain) in CBT.V504.FILE069.PDS, moved to PDS/CE030602
2023-04-02 21:19:45.574630 - Found CE040301.txt (text/plain) in CBT.V504.FILE069.PDS, moved to PDS/CE040301
2023-04-02 21:19:45.575785 - Found CE040302.txt (text/plain) in CBT.V504.FILE069.PDS, moved to PDS/CE040302
2023-04-02 21:19:45.576765 - Found CE040501.txt (text/plain) in CBT.V504.FILE069.PDS, moved to PDS/CE040501
2023-04-02 21:19:45.577681 - Found CE040502.txt (text/plain) in CBT.V504.FILE069.PDS, moved to PDS/CE040502
2023-04-02 21:19:45.578686 - Found CE040503.txt (text/plain) in CBT.V504.FILE069.PDS, moved to PDS/CE040503
2023-04-02 21:19:45.579711 - Found CE040601.txt (text/plain) in CBT.V504.FILE069.PDS, moved to PDS/CE040601
2023-04-02 21:19:45.580651 - Found CE040602.txt (text/plain) in CBT.V504.FILE069.PDS, moved to PDS/CE040602
2023-04-02 21:19:45.581531 - Found CE040701.txt (text/plain) in CBT.V504.FILE069.PDS, moved to PDS/CE040701
2023-04-02 21:19:45.582422 - Found CE040801.txt (text/plain) in CBT.V504.FILE069.PDS, moved to PDS/CE040801
2023-04-02 21:19:45.583395 - Found CE040802.txt (text/plain) in CBT.V504.FILE069.PDS, moved to PDS/CE040802
2023-04-02 21:19:45.584554 - Found CE040803.txt (text/plain) in CBT.V504.FILE069.PDS, moved to PDS/CE040803
2023-04-02 21:19:45.585620 - Found CE040901.txt (text/plain) in CBT.V504.FILE069.PDS, moved to PDS/CE040901
2023-04-02 21:19:45.586575 - Found CE040902.txt (text/plain) in CBT.V504.FILE069.PDS, moved to PDS/CE040902
2023-04-02 21:19:45.587453 - Found CE040903.txt (text/plain) in CBT.V504.FILE069.PDS, moved to PDS/CE040903
2023-04-02 21:19:45.588439 - Found CE041001.txt (text/plain) in CBT.V504.FILE069.PDS, moved to PDS/CE041001
2023-04-02 21:19:45.589468 - Found CE041002.txt (text/plain) in CBT.V504.FILE069.PDS, moved to PDS/CE041002
2023-04-02 21:19:45.590538 - Found CE041101.txt (text/plain) in CBT.V504.FILE069.PDS, moved to PDS/CE041101
2023-04-02 21:19:45.591501 - Found CE041102.txt (text/plain) in CBT.V504.FILE069.PDS, moved to PDS/CE041102
2023-04-02 21:19:45.592498 - Found CE041201.txt (text/plain) in CBT.V504.FILE069.PDS, moved to PDS/CE041201
2023-04-02 21:19:45.593574 - Found CE041202.txt (text/plain) in CBT.V504.FILE069.PDS, moved to PDS/CE041202
2023-04-02 21:19:45.594482 - Found CE041203.txt (text/plain) in CBT.V504.FILE069.PDS, moved to PDS/CE041203
2023-04-02 21:19:45.595444 - Found CE041301.txt (text/plain) in CBT.V504.FILE069.PDS, moved to PDS/CE041301
2023-04-02 21:19:45.596465 - Found CE041302.txt (text/plain) in CBT.V504.FILE069.PDS, moved to PDS/CE041302
2023-04-02 21:19:45.597424 - Found CE041303.txt (text/plain) in CBT.V504.FILE069.PDS, moved to PDS/CE041303
2023-04-02 21:19:45.598294 - Found CE041304.txt (text/plain) in CBT.V504.FILE069.PDS, moved to PDS/CE041304
2023-04-02 21:19:45.599208 - Found CE041305.txt (text/plain) in CBT.V504.FILE069.PDS, moved to PDS/CE041305
2023-04-02 21:19:45.600095 - Found CE041306.txt (text/plain) in CBT.V504.FILE069.PDS, moved to PDS/CE041306
2023-04-02 21:19:45.601005 - Found CE041307.txt (text/plain) in CBT.V504.FILE069.PDS, moved to PDS/CE041307
2023-04-02 21:19:45.601928 - Found CE041308.txt (text/plain) in CBT.V504.FILE069.PDS, moved to PDS/CE041308
2023-04-02 21:19:45.602850 - Found CE041401.txt (text/plain) in CBT.V504.FILE069.PDS, moved to PDS/CE041401
2023-04-02 21:19:45.604053 - Found CE041402.txt (text/plain) in CBT.V504.FILE069.PDS, moved to PDS/CE041402
2023-04-02 21:19:45.605165 - Found CE041501.txt (text/plain) in CBT.V504.FILE069.PDS, moved to PDS/CE041501
2023-04-02 21:19:45.606088 - Found CE041502.txt (text/plain) in CBT.V504.FILE069.PDS, moved to PDS/CE041502
2023-04-02 21:19:45.607025 - Found CE041503.txt (text/plain) in CBT.V504.FILE069.PDS, moved to PDS/CE041503
2023-04-02 21:19:45.608233 - Found CE041601.txt (text/plain) in CBT.V504.FILE069.PDS, moved to PDS/CE041601
2023-04-02 21:19:45.609191 - Found CE041701.txt (text/plain) in CBT.V504.FILE069.PDS, moved to PDS/CE041701
2023-04-02 21:19:45.610427 - Found CE041702.txt (text/plain) in CBT.V504.FILE069.PDS, moved to PDS/CE041702
2023-04-02 21:19:45.611506 - Found CE041703.txt (text/plain) in CBT.V504.FILE069.PDS, moved to PDS/CE041703
2023-04-02 21:19:45.612977 - Found CE041801.txt (text/plain) in CBT.V504.FILE069.PDS, moved to PDS/CE041801
2023-04-02 21:19:45.614259 - Found CE041802.txt (text/plain) in CBT.V504.FILE069.PDS, moved to PDS/CE041802
2023-04-02 21:19:45.615370 - Found CE041803.txt (text/plain) in CBT.V504.FILE069.PDS, moved to PDS/CE041803
2023-04-02 21:19:45.616591 - Found CE050101.txt (text/plain) in CBT.V504.FILE069.PDS, moved to PDS/CE050101
2023-04-02 21:19:45.617715 - Found CE050201.txt (text/plain) in CBT.V504.FILE069.PDS, moved to PDS/CE050201
2023-04-02 21:19:45.618799 - Found CE050202.txt (text/plain) in CBT.V504.FILE069.PDS, moved to PDS/CE050202
2023-04-02 21:19:45.620072 - Found CE050203.txt (text/plain) in CBT.V504.FILE069.PDS, moved to PDS/CE050203
2023-04-02 21:19:45.621219 - Found CE050301.txt (text/plain) in CBT.V504.FILE069.PDS, moved to PDS/CE050301
2023-04-02 21:19:45.622429 - Found CE050302.txt (text/plain) in CBT.V504.FILE069.PDS, moved to PDS/CE050302
2023-04-02 21:19:45.623572 - Found CE050303.txt (text/plain) in CBT.V504.FILE069.PDS, moved to PDS/CE050303
2023-04-02 21:19:45.624541 - Found CE050304.txt (text/plain) in CBT.V504.FILE069.PDS, moved to PDS/CE050304
2023-04-02 21:19:45.625713 - Found CE050305.txt (text/plain) in CBT.V504.FILE069.PDS, moved to PDS/CE050305
2023-04-02 21:19:45.626859 - Found CE050401.txt (text/plain) in CBT.V504.FILE069.PDS, moved to PDS/CE050401
2023-04-02 21:19:45.627873 - Found CE050402.txt (text/plain) in CBT.V504.FILE069.PDS, moved to PDS/CE050402
2023-04-02 21:19:45.628953 - Found CE050403.txt (text/plain) in CBT.V504.FILE069.PDS, moved to PDS/CE050403
2023-04-02 21:19:45.629858 - Found CE050501.txt (text/plain) in CBT.V504.FILE069.PDS, moved to PDS/CE050501
2023-04-02 21:19:45.630912 - Found CE050502.txt (text/plain) in CBT.V504.FILE069.PDS, moved to PDS/CE050502
2023-04-02 21:19:45.631784 - Found CE050503.txt (text/plain) in CBT.V504.FILE069.PDS, moved to PDS/CE050503
2023-04-02 21:19:45.632681 - Found CE050504.txt (text/plain) in CBT.V504.FILE069.PDS, moved to PDS/CE050504
2023-04-02 21:19:45.633550 - Found CE050505.txt (text/plain) in CBT.V504.FILE069.PDS, moved to PDS/CE050505
2023-04-02 21:19:45.634431 - Found CE050506.txt (text/plain) in CBT.V504.FILE069.PDS, moved to PDS/CE050506
2023-04-02 21:19:45.635360 - Found CE050601.txt (text/plain) in CBT.V504.FILE069.PDS, moved to PDS/CE050601
2023-04-02 21:19:45.636321 - Found CE050602.txt (text/plain) in CBT.V504.FILE069.PDS, moved to PDS/CE050602
2023-04-02 21:19:45.637193 - Found CE050701.txt (text/plain) in CBT.V504.FILE069.PDS, moved to PDS/CE050701
2023-04-02 21:19:45.638108 - Found CE050801.txt (text/plain) in CBT.V504.FILE069.PDS, moved to PDS/CE050801
2023-04-02 21:19:45.639078 - Found CE050802.txt (text/plain) in CBT.V504.FILE069.PDS, moved to PDS/CE050802
2023-04-02 21:19:45.640466 - Found CE050803.txt (text/plain) in CBT.V504.FILE069.PDS, moved to PDS/CE050803
2023-04-02 21:19:45.641454 - Found CE050901.txt (text/plain) in CBT.V504.FILE069.PDS, moved to PDS/CE050901
2023-04-02 21:19:45.642373 - Found CE050902.txt (text/plain) in CBT.V504.FILE069.PDS, moved to PDS/CE050902
2023-04-02 21:19:45.643300 - Found CE051001.txt (text/plain) in CBT.V504.FILE069.PDS, moved to PDS/CE051001
2023-04-02 21:19:45.644205 - Found CE051002.txt (text/plain) in CBT.V504.FILE069.PDS, moved to PDS/CE051002
2023-04-02 21:19:45.645254 - Found CE051003.txt (text/plain) in CBT.V504.FILE069.PDS, moved to PDS/CE051003
2023-04-02 21:19:45.646253 - Found CE051004.txt (text/plain) in CBT.V504.FILE069.PDS, moved to PDS/CE051004
2023-04-02 21:19:45.647330 - Found CE051005.txt (text/plain) in CBT.V504.FILE069.PDS, moved to PDS/CE051005
2023-04-02 21:19:45.648368 - Found CE051101.txt (text/plain) in CBT.V504.FILE069.PDS, moved to PDS/CE051101
2023-04-02 21:19:45.649446 - Found CE051102.txt (text/plain) in CBT.V504.FILE069.PDS, moved to PDS/CE051102
2023-04-02 21:19:45.650386 - Found CE051103.txt (text/plain) in CBT.V504.FILE069.PDS, moved to PDS/CE051103
2023-04-02 21:19:45.651341 - Found CE051104.txt (text/plain) in CBT.V504.FILE069.PDS, moved to PDS/CE051104
2023-04-02 21:19:45.652301 - Found CE051201.txt (text/plain) in CBT.V504.FILE069.PDS, moved to PDS/CE051201
2023-04-02 21:19:45.653370 - Found CE051202.txt (text/plain) in CBT.V504.FILE069.PDS, moved to PDS/CE051202
2023-04-02 21:19:45.654250 - Found CE051301.txt (text/plain) in CBT.V504.FILE069.PDS, moved to PDS/CE051301
2023-04-02 21:19:45.655179 - Found CE051302.txt (text/plain) in CBT.V504.FILE069.PDS, moved to PDS/CE051302
2023-04-02 21:19:45.656030 - Found CE051303.txt (text/plain) in CBT.V504.FILE069.PDS, moved to PDS/CE051303
2023-04-02 21:19:45.656917 - Found CE051304.txt (text/plain) in CBT.V504.FILE069.PDS, moved to PDS/CE051304
2023-04-02 21:19:45.657781 - Found CE051305.txt (text/plain) in CBT.V504.FILE069.PDS, moved to PDS/CE051305
2023-04-02 21:19:45.658753 - Found CE051306.txt (text/plain) in CBT.V504.FILE069.PDS, moved to PDS/CE051306
2023-04-02 21:19:45.659949 - Found CE051401.txt (text/plain) in CBT.V504.FILE069.PDS, moved to PDS/CE051401
2023-04-02 21:19:45.661270 - Found CE051402.txt (text/plain) in CBT.V504.FILE069.PDS, moved to PDS/CE051402
2023-04-02 21:19:45.662259 - Found CE060101.txt (text/plain) in CBT.V504.FILE069.PDS, moved to PDS/CE060101
2023-04-02 21:19:45.663635 - Found CE060102.txt (text/plain) in CBT.V504.FILE069.PDS, moved to PDS/CE060102
2023-04-02 21:19:45.664621 - Found CE060103.txt (text/plain) in CBT.V504.FILE069.PDS, moved to PDS/CE060103
2023-04-02 21:19:45.665582 - Found CE060104.txt (text/plain) in CBT.V504.FILE069.PDS, moved to PDS/CE060104
2023-04-02 21:19:45.666429 - Found CE060201.txt (text/plain) in CBT.V504.FILE069.PDS, moved to PDS/CE060201
2023-04-02 21:19:45.667627 - Found CE060202.txt (text/plain) in CBT.V504.FILE069.PDS, moved to PDS/CE060202
2023-04-02 21:19:45.668623 - Found CE060203.txt (text/plain) in CBT.V504.FILE069.PDS, moved to PDS/CE060203
2023-04-02 21:19:45.669599 - Found CE070101.txt (text/plain) in CBT.V504.FILE069.PDS, moved to PDS/CE070101
2023-04-02 21:19:45.670716 - Found CE070102.txt (text/plain) in CBT.V504.FILE069.PDS, moved to PDS/CE070102
2023-04-02 21:19:45.671624 - Found CE070103.txt (text/plain) in CBT.V504.FILE069.PDS, moved to PDS/CE070103
2023-04-02 21:19:45.672544 - Found CE070104.txt (text/plain) in CBT.V504.FILE069.PDS, moved to PDS/CE070104
2023-04-02 21:19:45.674012 - Found CE070201.txt (text/plain) in CBT.V504.FILE069.PDS, moved to PDS/CE070201
2023-04-02 21:19:45.675128 - Found CE070202.txt (text/plain) in CBT.V504.FILE069.PDS, moved to PDS/CE070202
2023-04-02 21:19:45.676405 - Found CE070203.txt (text/plain) in CBT.V504.FILE069.PDS, moved to PDS/CE070203
2023-04-02 21:19:45.677549 - Found CE070204.txt (text/plain) in CBT.V504.FILE069.PDS, moved to PDS/CE070204
2023-04-02 21:19:45.678476 - Found CE070205.txt (text/plain) in CBT.V504.FILE069.PDS, moved to PDS/CE070205
2023-04-02 21:19:45.679413 - Found CE070206.txt (text/plain) in CBT.V504.FILE069.PDS, moved to PDS/CE070206
2023-04-02 21:19:45.680339 - Found CE070207.txt (text/plain) in CBT.V504.FILE069.PDS, moved to PDS/CE070207
2023-04-02 21:19:45.681258 - Found CE080301.txt (text/plain) in CBT.V504.FILE069.PDS, moved to PDS/CE080301
2023-04-02 21:19:45.682166 - Found CE080302.txt (text/plain) in CBT.V504.FILE069.PDS, moved to PDS/CE080302
2023-04-02 21:19:45.683129 - Found CE080303.txt (text/plain) in CBT.V504.FILE069.PDS, moved to PDS/CE080303
2023-04-02 21:19:45.684097 - Found CE080401.txt (text/plain) in CBT.V504.FILE069.PDS, moved to PDS/CE080401
2023-04-02 21:19:45.685647 - Found CE080402.txt (text/plain) in CBT.V504.FILE069.PDS, moved to PDS/CE080402
2023-04-02 21:19:45.687085 - Found CE080403.txt (text/plain) in CBT.V504.FILE069.PDS, moved to PDS/CE080403
2023-04-02 21:19:45.688208 - Found CE080501.txt (text/plain) in CBT.V504.FILE069.PDS, moved to PDS/CE080501
2023-04-02 21:19:45.689275 - Found CE080502.txt (text/plain) in CBT.V504.FILE069.PDS, moved to PDS/CE080502
2023-04-02 21:19:45.690319 - Found CE080601.txt (text/plain) in CBT.V504.FILE069.PDS, moved to PDS/CE080601
2023-04-02 21:19:45.691748 - Found CE080602.txt (text/plain) in CBT.V504.FILE069.PDS, moved to PDS/CE080602
2023-04-02 21:19:45.692839 - Found CE080603.txt (text/plain) in CBT.V504.FILE069.PDS, moved to PDS/CE080603
2023-04-02 21:19:45.694172 - Found CE080604.txt (text/plain) in CBT.V504.FILE069.PDS, moved to PDS/CE080604
2023-04-02 21:19:45.695283 - Found CE080701.txt (text/plain) in CBT.V504.FILE069.PDS, moved to PDS/CE080701
2023-04-02 21:19:45.696350 - Found CE080702.txt (text/plain) in CBT.V504.FILE069.PDS, moved to PDS/CE080702
2023-04-02 21:19:45.697395 - Found CE080703.txt (text/plain) in CBT.V504.FILE069.PDS, moved to PDS/CE080703
2023-04-02 21:19:45.698386 - Found CE080704.txt (text/plain) in CBT.V504.FILE069.PDS, moved to PDS/CE080704
2023-04-02 21:19:45.699444 - Found CE080705.txt (text/plain) in CBT.V504.FILE069.PDS, moved to PDS/CE080705
2023-04-02 21:19:45.700473 - Found CE090301.txt (text/plain) in CBT.V504.FILE069.PDS, moved to PDS/CE090301
2023-04-02 21:19:45.701584 - Found CE090302.txt (text/plain) in CBT.V504.FILE069.PDS, moved to PDS/CE090302
2023-04-02 21:19:45.702620 - Found CE090303.txt (text/plain) in CBT.V504.FILE069.PDS, moved to PDS/CE090303
2023-04-02 21:19:45.703686 - Found CE090304.txt (text/plain) in CBT.V504.FILE069.PDS, moved to PDS/CE090304
2023-04-02 21:19:45.704672 - Found CE100101.txt (text/plain) in CBT.V504.FILE069.PDS, moved to PDS/CE100101
2023-04-02 21:19:45.705581 - Found CE100201.txt (text/plain) in CBT.V504.FILE069.PDS, moved to PDS/CE100201
2023-04-02 21:19:45.706490 - Found CE100301.txt (text/plain) in CBT.V504.FILE069.PDS, moved to PDS/CE100301
2023-04-02 21:19:45.707763 - Found CE100302.txt (text/plain) in CBT.V504.FILE069.PDS, moved to PDS/CE100302
2023-04-02 21:19:45.708742 - Found CE100401.txt (text/plain) in CBT.V504.FILE069.PDS, moved to PDS/CE100401
2023-04-02 21:19:45.709852 - Found CE100402.txt (text/plain) in CBT.V504.FILE069.PDS, moved to PDS/CE100402
2023-04-02 21:19:45.710783 - Found CE100403.txt (text/plain) in CBT.V504.FILE069.PDS, moved to PDS/CE100403
2023-04-02 21:19:45.711763 - Found CE100501.txt (text/plain) in CBT.V504.FILE069.PDS, moved to PDS/CE100501
2023-04-02 21:19:45.712710 - Found CE100601.txt (text/plain) in CBT.V504.FILE069.PDS, moved to PDS/CE100601
2023-04-02 21:19:45.713613 - Found CE100602.txt (text/plain) in CBT.V504.FILE069.PDS, moved to PDS/CE100602
2023-04-02 21:19:45.714605 - Found CE100701.txt (text/plain) in CBT.V504.FILE069.PDS, moved to PDS/CE100701
2023-04-02 21:19:45.715809 - Found CE100801.txt (text/plain) in CBT.V504.FILE069.PDS, moved to PDS/CE100801
2023-04-02 21:19:45.716782 - Found CE100802.txt (text/plain) in CBT.V504.FILE069.PDS, moved to PDS/CE100802
2023-04-02 21:19:45.717696 - Found CE110301.txt (text/plain) in CBT.V504.FILE069.PDS, moved to PDS/CE110301
2023-04-02 21:19:45.718623 - Found CE110302.txt (text/plain) in CBT.V504.FILE069.PDS, moved to PDS/CE110302
2023-04-02 21:19:45.719647 - Found CE110303.txt (text/plain) in CBT.V504.FILE069.PDS, moved to PDS/CE110303
2023-04-02 21:19:45.720566 - Found CE110401.txt (text/plain) in CBT.V504.FILE069.PDS, moved to PDS/CE110401
2023-04-02 21:19:45.721775 - Found CE110402.txt (text/plain) in CBT.V504.FILE069.PDS, moved to PDS/CE110402
2023-04-02 21:19:45.722745 - Found CE120601.txt (text/plain) in CBT.V504.FILE069.PDS, moved to PDS/CE120601
2023-04-02 21:19:45.723971 - Found CE120602.txt (text/plain) in CBT.V504.FILE069.PDS, moved to PDS/CE120602
2023-04-02 21:19:45.724958 - Found CE120603.txt (text/plain) in CBT.V504.FILE069.PDS, moved to PDS/CE120603
2023-04-02 21:19:45.726181 - Found CE120604.txt (text/plain) in CBT.V504.FILE069.PDS, moved to PDS/CE120604
2023-04-02 21:19:45.727324 - Found CE120605.txt (text/plain) in CBT.V504.FILE069.PDS, moved to PDS/CE120605
2023-04-02 21:19:45.728275 - Found CE120701.txt (text/plain) in CBT.V504.FILE069.PDS, moved to PDS/CE120701
2023-04-02 21:19:45.729197 - Found CE120702.txt (text/plain) in CBT.V504.FILE069.PDS, moved to PDS/CE120702
2023-04-02 21:19:45.730426 - Found CE120801.txt (text/plain) in CBT.V504.FILE069.PDS, moved to PDS/CE120801
2023-04-02 21:19:45.731635 - Found CE130401.txt (text/plain) in CBT.V504.FILE069.PDS, moved to PDS/CE130401
2023-04-02 21:19:45.732592 - Found CE130402.txt (text/plain) in CBT.V504.FILE069.PDS, moved to PDS/CE130402
2023-04-02 21:19:45.733688 - Found CE140601.txt (text/plain) in CBT.V504.FILE069.PDS, moved to PDS/CE140601
2023-04-02 21:19:45.734582 - Found CE140602.txt (text/plain) in CBT.V504.FILE069.PDS, moved to PDS/CE140602
2023-04-02 21:19:45.735556 - Found CE140603.txt (text/plain) in CBT.V504.FILE069.PDS, moved to PDS/CE140603
2023-04-02 21:19:45.737080 - Found CE140604.txt (text/plain) in CBT.V504.FILE069.PDS, moved to PDS/CE140604
2023-04-02 21:19:45.738343 - Found CE140801.txt (text/plain) in CBT.V504.FILE069.PDS, moved to PDS/CE140801
2023-04-02 21:19:45.739542 - Found CE140901.txt (text/plain) in CBT.V504.FILE069.PDS, moved to PDS/CE140901
2023-04-02 21:19:45.740865 - Found CE141001.txt (text/plain) in CBT.V504.FILE069.PDS, moved to PDS/CE141001
2023-04-02 21:19:45.742198 - Found CE141002.txt (text/plain) in CBT.V504.FILE069.PDS, moved to PDS/CE141002
2023-04-02 21:19:45.743450 - Found CE150301.txt (text/plain) in CBT.V504.FILE069.PDS, moved to PDS/CE150301
2023-04-02 21:19:45.744613 - Found CE150302.txt (text/plain) in CBT.V504.FILE069.PDS, moved to PDS/CE150302
2023-04-02 21:19:45.745993 - Found CE150303.txt (text/plain) in CBT.V504.FILE069.PDS, moved to PDS/CE150303
2023-04-02 21:19:45.747230 - Found CE150401.txt (text/plain) in CBT.V504.FILE069.PDS, moved to PDS/CE150401
2023-04-02 21:19:45.748505 - Found CE150402.txt (text/plain) in CBT.V504.FILE069.PDS, moved to PDS/CE150402
2023-04-02 21:19:45.749656 - Found CE150403.txt (text/plain) in CBT.V504.FILE069.PDS, moved to PDS/CE150403
2023-04-02 21:19:45.750708 - Found CE150404.txt (text/plain) in CBT.V504.FILE069.PDS, moved to PDS/CE150404
2023-04-02 21:19:45.751883 - Found CE150405.txt (text/plain) in CBT.V504.FILE069.PDS, moved to PDS/CE150405
2023-04-02 21:19:45.752969 - Found CE150406.txt (text/plain) in CBT.V504.FILE069.PDS, moved to PDS/CE150406
2023-04-02 21:19:45.754052 - Found CE150407.txt (text/plain) in CBT.V504.FILE069.PDS, moved to PDS/CE150407
2023-04-02 21:19:45.755241 - Found CE150408.txt (text/plain) in CBT.V504.FILE069.PDS, moved to PDS/CE150408
2023-04-02 21:19:45.756393 - Found CE150409.txt (text/plain) in CBT.V504.FILE069.PDS, moved to PDS/CE150409
2023-04-02 21:19:45.757502 - Found CE150410.txt (text/plain) in CBT.V504.FILE069.PDS, moved to PDS/CE150410
2023-04-02 21:19:45.758635 - Found CE150411.txt (text/plain) in CBT.V504.FILE069.PDS, moved to PDS/CE150411
2023-04-02 21:19:45.759922 - Found CE150412.txt (text/plain) in CBT.V504.FILE069.PDS, moved to PDS/CE150412
2023-04-02 21:19:45.761040 - Found CE160301.txt (text/plain) in CBT.V504.FILE069.PDS, moved to PDS/CE160301
2023-04-02 21:19:45.762227 - Found CE160302.txt (text/plain) in CBT.V504.FILE069.PDS, moved to PDS/CE160302
2023-04-02 21:19:45.763404 - Found CE160401.txt (text/plain) in CBT.V504.FILE069.PDS, moved to PDS/CE160401
2023-04-02 21:19:45.764591 - Found CE160402.txt (text/plain) in CBT.V504.FILE069.PDS, moved to PDS/CE160402
2023-04-02 21:19:45.765664 - Found CE160403.txt (text/plain) in CBT.V504.FILE069.PDS, moved to PDS/CE160403
2023-04-02 21:19:45.766745 - Found CE160404.txt (text/plain) in CBT.V504.FILE069.PDS, moved to PDS/CE160404
2023-04-02 21:19:45.767813 - Found CE160405.txt (text/plain) in CBT.V504.FILE069.PDS, moved to PDS/CE160405
2023-04-02 21:19:45.768862 - Found CE160406.txt (text/plain) in CBT.V504.FILE069.PDS, moved to PDS/CE160406
2023-04-02 21:19:45.769891 - Found CE160407.txt (text/plain) in CBT.V504.FILE069.PDS, moved to PDS/CE160407
2023-04-02 21:19:45.770960 - Found CE160408.txt (text/plain) in CBT.V504.FILE069.PDS, moved to PDS/CE160408
2023-04-02 21:19:45.771972 - Found CE160409.txt (text/plain) in CBT.V504.FILE069.PDS, moved to PDS/CE160409
2023-04-02 21:19:45.773074 - Found CE160410.txt (text/plain) in CBT.V504.FILE069.PDS, moved to PDS/CE160410
2023-04-02 21:19:45.774096 - Found CE160411.txt (text/plain) in CBT.V504.FILE069.PDS, moved to PDS/CE160411
2023-04-02 21:19:45.775106 - Found CE160412.txt (text/plain) in CBT.V504.FILE069.PDS, moved to PDS/CE160412
2023-04-02 21:19:45.776153 - Found CE160413.txt (text/plain) in CBT.V504.FILE069.PDS, moved to PDS/CE160413
2023-04-02 21:19:45.777184 - Found CE160414.txt (text/plain) in CBT.V504.FILE069.PDS, moved to PDS/CE160414
2023-04-02 21:19:45.778148 - Found CE160415.txt (text/plain) in CBT.V504.FILE069.PDS, moved to PDS/CE160415
2023-04-02 21:19:45.779188 - Found CE160501.txt (text/plain) in CBT.V504.FILE069.PDS, moved to PDS/CE160501
2023-04-02 21:19:45.780189 - Found CE160502.txt (text/plain) in CBT.V504.FILE069.PDS, moved to PDS/CE160502
2023-04-02 21:19:45.781295 - Found CE160503.txt (text/plain) in CBT.V504.FILE069.PDS, moved to PDS/CE160503
2023-04-02 21:19:45.782328 - Found CE160504.txt (text/plain) in CBT.V504.FILE069.PDS, moved to PDS/CE160504
2023-04-02 21:19:45.783504 - Found CE160505.txt (text/plain) in CBT.V504.FILE069.PDS, moved to PDS/CE160505
2023-04-02 21:19:45.784575 - Found GETPARM.txt (text/plain) in CBT.V504.FILE069.PDS, moved to PDS/GETPARM
2023-04-02 21:19:45.785654 - Found HEXTBL.txt (text/plain) in CBT.V504.FILE069.PDS, moved to PDS/HEXTBL
2023-04-02 21:19:45.786709 - Found INITL.txt (text/plain) in CBT.V504.FILE069.PDS, moved to PDS/INITL
2023-04-02 21:19:45.787829 - Found MOVE.txt (text/plain) in CBT.V504.FILE069.PDS, moved to PDS/MOVE
2023-04-02 21:19:45.788925 - Found PUTTBL.txt (text/plain) in CBT.V504.FILE069.PDS, moved to PDS/PUTTBL
2023-04-02 21:19:45.789971 - Found PUTTBL2.txt (text/plain) in CBT.V504.FILE069.PDS, moved to PDS/PUTTBL2
2023-04-02 21:19:45.791008 - Found RCNTL.txt (text/plain) in CBT.V504.FILE069.PDS, moved to PDS/RCNTL
2023-04-02 21:19:45.792033 - Found READDIR.txt (text/plain) in CBT.V504.FILE069.PDS, moved to PDS/READDIR
2023-04-02 21:19:45.793218 - Found SNAPA.txt (text/plain) in CBT.V504.FILE069.PDS, moved to PDS/SNAPA
2023-04-02 21:19:45.794317 - Found TRTBL.txt (text/plain) in CBT.V504.FILE069.PDS, moved to PDS/TRTBL
2023-04-02 21:19:45.795775 - Found VALNUMB.txt (text/plain) in CBT.V504.FILE069.PDS, moved to PDS/VALNUMB
2023-04-02 21:19:45.796960 - Found WTOREGS.txt (text/plain) in CBT.V504.FILE069.PDS, moved to PDS/WTOREGS
2023-04-02 21:19:45.797907 - Found WTOREGS0.txt (text/plain) in CBT.V504.FILE069.PDS, moved to PDS/WTOREGS0
